<?xml version="1.0" encoding="UTF-8"?>
<testng-results ignored="0" total="1" passed="1" failed="0" skipped="0">
  <reporter-output>
  </reporter-output>
  <suite started-at="2023-07-24T21:29:55 IST" name="Default suite" finished-at="2023-07-24T21:30:25 IST" duration-ms="29968">
    <groups>
    </groups>
    <test started-at="2023-07-24T21:29:55 IST" name="Default test" finished-at="2023-07-24T21:30:25 IST" duration-ms="29968">
      <class name="test.Testpgm">
        <test-method is-config="true" signature="setup()[pri:0, instance:test.Testpgm@470734c3]" started-at="2023-07-24T21:29:55 IST" name="setup" finished-at="2023-07-24T21:30:02 IST" duration-ms="7089" status="PASS">
          <reporter-output>
          </reporter-output>
        </test-method> <!-- setup -->
        <test-method signature="test()[pri:0, instance:test.Testpgm@470734c3]" started-at="2023-07-24T21:30:02 IST" name="test" finished-at="2023-07-24T21:30:25 IST" duration-ms="22795" status="PASS">
          <reporter-output>
          </reporter-output>
        </test-method> <!-- test -->
      </class> <!-- test.Testpgm -->
    </test> <!-- Default test -->
  </suite> <!-- Default suite -->
</testng-results>
